c:\users\user\documents\git\matrix\matrix\matrix\x64\debug\vc143.pdb
c:\users\user\documents\git\matrix\matrix\matrix\x64\debug\vc143.idb
c:\users\user\documents\git\matrix\matrix\matrix\x64\debug\matrix.obj
c:\users\user\documents\git\matrix\matrix\matrix\x64\debug\matrix.ilk
c:\users\user\documents\git\matrix\matrix\x64\debug\matrix.pdb
c:\users\user\documents\git\matrix\matrix\matrix\x64\debug\matrix.tlog\cl.command.1.tlog
c:\users\user\documents\git\matrix\matrix\matrix\x64\debug\matrix.tlog\cl.items.tlog
c:\users\user\documents\git\matrix\matrix\matrix\x64\debug\matrix.tlog\cl.read.1.tlog
c:\users\user\documents\git\matrix\matrix\matrix\x64\debug\matrix.tlog\cl.write.1.tlog
c:\users\user\documents\git\matrix\matrix\matrix\x64\debug\matrix.tlog\link-cvtres.read.1.tlog
c:\users\user\documents\git\matrix\matrix\matrix\x64\debug\matrix.tlog\link-cvtres.write.1.tlog
c:\users\user\documents\git\matrix\matrix\matrix\x64\debug\matrix.tlog\link-rc.read.1.tlog
c:\users\user\documents\git\matrix\matrix\matrix\x64\debug\matrix.tlog\link-rc.write.1.tlog
c:\users\user\documents\git\matrix\matrix\matrix\x64\debug\matrix.tlog\link.8968-cvtres.read.1.tlog
c:\users\user\documents\git\matrix\matrix\matrix\x64\debug\matrix.tlog\link.8968-cvtres.write.1.tlog
c:\users\user\documents\git\matrix\matrix\matrix\x64\debug\matrix.tlog\link.8968-rc.read.1.tlog
c:\users\user\documents\git\matrix\matrix\matrix\x64\debug\matrix.tlog\link.8968-rc.write.1.tlog
c:\users\user\documents\git\matrix\matrix\matrix\x64\debug\matrix.tlog\link.8968.read.1.tlog
c:\users\user\documents\git\matrix\matrix\matrix\x64\debug\matrix.tlog\link.8968.read.2.tlog
c:\users\user\documents\git\matrix\matrix\matrix\x64\debug\matrix.tlog\link.8968.write.1.tlog
c:\users\user\documents\git\matrix\matrix\matrix\x64\debug\matrix.tlog\link.command.1.tlog
c:\users\user\documents\git\matrix\matrix\matrix\x64\debug\matrix.tlog\link.read.1.tlog
c:\users\user\documents\git\matrix\matrix\matrix\x64\debug\matrix.tlog\link.read.2.tlog
c:\users\user\documents\git\matrix\matrix\matrix\x64\debug\matrix.tlog\link.read.3.tlog
c:\users\user\documents\git\matrix\matrix\matrix\x64\debug\matrix.tlog\link.secondary.1.tlog
c:\users\user\documents\git\matrix\matrix\matrix\x64\debug\matrix.tlog\link.write.1.tlog
